TableServe/build/app/outputs/mapping/release/seeds.txt
com.example.flutter_application_1.MainActivity
com.example.flutter_application_1.MainActivity: MainActivity()
...
com.google.android.gms.internal.firebase-auth-api.zzabp: void zza(com.google.android.gms.tasks.TaskCompletionSource,com.google.android.gms.internal.firebase-auth-api.zzadh)
com.google.android.gms.internal.location.zzcd: zzcd()
com.google.android.gms.internal.measurement.zzml$zzb: boolean zza()
com.google.android.gms.internal.measurement.zzcl: com.google.android.gms.internal.measurement.zzcl zza(com.google.android.gms.internal.measurement.zzco)
com.google.android.gms.internal.firebase-auth-api.zzie: com.google.android.gms.internal.firebase-auth-api.zzfv zza(com.google.android.gms.internal.firebase-auth-api.zzpc,com.google.android.gms.internal.firebase-auth-api.zzcn)
com.google.android.gms.internal.measurement.zzfo$zze: java.lang.Object zza(int,java.lang.Object,java.lang.Object)
com.google.android.gms.internal.firebase-auth-api.zziv: boolean zza()
com.google.android.gms.internal.firebase-auth-api.zzqk: zzqk(int,int,com.google.android.gms.internal.firebase-auth-api.zzqk$zzb,com.google.android.gms.internal.firebase-auth-api.zzqk$zzc)
me.leolin.shortcutbadger.impl.AdwHomeBadger: AdwHomeBadger()
com.google.android.gms.internal.firebase-auth-api.zzmt: void zza(com.google.android.gms.internal.firebase-auth-api.zzbs,com.google.android.gms.internal.firebase-auth-api.zzil$zza,boolean)
com.google.android.gms.internal.firebase-auth-api.zzgw: com.google.android.gms.internal.firebase-auth-api.zzec$zza zza(com.google.android.gms.internal.firebase-auth-api.zzws)
com.google.android.gms.internal.firebase-auth-api.zzalx: int zzi(int,java.util.List,boolean)
com.google.android.recaptcha.RecaptchaAction: java.lang.String toString()
com.google.android.gms.internal.measurement.zzfy$zzf: void zzb(com.google.android.gms.internal.measurement.zzfy$zzf,long)
com.google.android.material.textfield.TextInputLayout: int getPlaceholderTextAppearance()
com.google.android.gms.internal.fido.zzbp: com.google.android.gms.internal.fido.zzbr zza()
com.google.android.gms.internal.firebase-auth-api.zzahb: com.google.android.gms.internal.firebase-auth-api.zzahb zzf(java.lang.String)
me.carda.awesome_notifications.core.builders.NotificationBuilder: java.lang.Boolean setInboxLayout(android.content.Context,me.carda.awesome_notifications.core.models.NotificationContentModel,androidx.core.app.NotificationCompat$Builder)
com.google.android.gms.internal.fido.zzdr: com.google.android.gms.internal.fido.zzdr zzc(java.lang.Class)
com.google.android.gms.internal.firebase-auth-api.zzdg: zzdg(int,int,int,int,com.google.android.gms.internal.firebase-auth-api.zzdg$zzb,com.google.android.gms.internal.firebase-auth-api.zzdg$zzc)
com.google.android.gms.internal.fido.zzap: void zze(int,int,int)
com.google.android.gms.internal.firebase-auth-api.zzzf: java.math.BigInteger zza(com.google.android.gms.internal.firebase-auth-api.zzcn)
com.google.android.gms.internal.auth.zzhi: double zza(java.lang.Object,long)
com.google.android.gms.internal.measurement.zzfy$zzc: void zzb(com.google.android.gms.internal.measurement.zzfy$zzc,boolean)
com.google.android.gms.tasks.Tasks: com.google.android.gms.tasks.Task whenAllSuccess(com.google.android.gms.tasks.Task[])
com.google.android.material.textfield.TextInputLayout: void setErrorTextColor(android.content.res.ColorStateList)
com.google.android.recaptcha.internal.zzhy: java.lang.String toString()
com.google.android.gms.internal.firebase-auth-api.zzale: com.google.android.gms.internal.firebase-auth-api.zzalc zzg()
com.google.android.gms.internal.firebase-auth-api.zzahp: void writeToParcel(android.os.Parcel,int)
com.google.android.recaptcha.internal.zzjx: boolean add(java.lang.Object)
com.google.android.gms.internal.firebase-auth-api.zzlm: com.google.android.gms.internal.firebase-auth-api.zzjw zza(com.google.android.gms.internal.firebase-auth-api.zzju,java.lang.Integer)
com.google.android.gms.internal.firebase-auth-api.zzqk$zza: com.google.android.gms.internal.firebase-auth-api.zzqk$zza zza(com.google.android.gms.internal.firebase-auth-api.zzqk$zzc)