TableServe/build/app/outputs/mapping/release/mapping.txt
# compiler: R8
# compiler_version: 8.3.37
# min_api: 23
# common_typos_disable
# {"id":"com.android.tools.r8.mapping","version":"2.2"}
# pg_map_id: 1cfcb07
# pg_map_hash: SHA-256 1cfcb07f9475c7de23f80d258aac5bb9d41a61f65a015028f50635907ef7b1f0
com.example.flutter_application_1.MainActivity -> com.example.flutter_application_1.MainActivity:
# {"id":"sourceFile","fileName":"MainActivity.kt"}
...
androidx.recyclerview.widget.StaggeredGridLayoutManager -> androidx.recyclerview.widget.StaggeredGridLayoutManager:
# {"id":"sourceFile","fileName":"StaggeredGridLayoutManager.java"}
    boolean mShouldReverseLayout -> A
    java.util.BitSet mRemainingSpans -> B
    int mPendingScrollPosition -> C
    int mPendingScrollPositionOffset -> D
    androidx.recyclerview.widget.StaggeredGridLayoutManager$LazySpanLookup mLazySpanLookup -> E
      # {"id":"com.android.tools.r8.residualsignature","signature":"Landroidx/recyclerview/widget/StaggeredGridLayoutManager$d;"}
    int mGapStrategy -> F
    boolean mLastLayoutFromEnd -> G
    boolean mLastLayoutRTL -> H
    androidx.recyclerview.widget.StaggeredGridLayoutManager$SavedState mPendingSavedState -> I
      # {"id":"com.android.tools.r8.residualsignature","signature":"Landroidx/recyclerview/widget/StaggeredGridLayoutManager$e;"}
    int mFullSizeSpec -> J
    android.graphics.Rect mTmpRect -> K
    androidx.recyclerview.widget.StaggeredGridLayoutManager$AnchorInfo mAnchorInfo -> L
      # {"id":"com.android.tools.r8.residualsignature","signature":"Landroidx/recyclerview/widget/StaggeredGridLayoutManager$b;"}
    boolean mLaidOutInvalidFullSpan -> M
    boolean mSmoothScrollbarEnabled -> N
    int[] mPrefetchDistances -> O
    java.lang.Runnable mCheckForGapsRunnable -> P
    int mSpanCount -> s
    androidx.recyclerview.widget.StaggeredGridLayoutManager$Span[] mSpans -> t
androidx.recyclerview.widget.StaggeredGridLayoutManager$1 -> androidx.recyclerview.widget.StaggeredGridLayoutManager$a:
# {"id":"sourceFile","fileName":"StaggeredGridLayoutManager.java"}
    androidx.recyclerview.widget.StaggeredGridLayoutManager this$0 -> a
androidx.recyclerview.widget.StaggeredGridLayoutManager$AnchorInfo -> androidx.recyclerview.widget.StaggeredGridLayoutManager$b:
# {"id":"sourceFile","fileName":"StaggeredGridLayoutManager.java"}
    int mPosition -> a
    int mOffset -> b
    boolean mLayoutFromEnd -> c
    boolean mInvalidateOffsets -> d
    boolean mValid -> e
    int[] mSpanReferenceLines -> f
    androidx.recyclerview.widget.StaggeredGridLayoutManager this$0 -> g
    1:1:void assignCoordinateFromPadding():0:0 -> a
    1:1:void assignCoordinateFromPadding(int):0:0 -> b
    1:1:void reset():0:0 -> c
    1:1:void saveSpanReferenceLines(androidx.recyclerview.widget.StaggeredGridLayoutManager$Span[]):0:0 -> d
      # {"id":"com.android.tools.r8.residualsignature","signature":"([Landroidx/recyclerview/widget/StaggeredGridLayoutManager$f;)V"}
androidx.recyclerview.widget.StaggeredGridLayoutManager$LayoutParams -> androidx.recyclerview.widget.StaggeredGridLayoutManager$c:
# {"id":"sourceFile","fileName":"StaggeredGridLayoutManager.java"}
    androidx.recyclerview.widget.StaggeredGridLayoutManager$Span mSpan -> e
      # {"id":"com.android.tools.r8.residualsignature","signature":"Landroidx/recyclerview/widget/StaggeredGridLayoutManager$f;"}
    boolean mFullSpan -> f
    1:1:void <init>(int,int):0:0 -> <init>
    2:2:void <init>(android.content.Context,android.util.AttributeSet):0:0 -> <init>
    3:3:void <init>(android.view.ViewGroup$LayoutParams):0:0 -> <init>
    4:4:void <init>(android.view.ViewGroup$MarginLayoutParams):0:0 -> <init>
    1:1:int getSpanIndex():0:0 -> e
    1:1:boolean isFullSpan():0:0 -> f